2022-06-06 01:06:18,002 INFO de.mobile.Server [main] Starting Server on nishthas-MacBook-Pro.local with PID 81185 (started by nishthabhardwaj in /Volumes/My Files/nishtha-learnings/coding-challenge/rest-service)
2022-06-06 01:06:18,008 INFO de.mobile.Server [main] No active profile set, falling back to default profiles: default
2022-06-06 01:06:22,036 DEBUG org.hibernate.type.BasicTypeRegistry [main] Adding type registration boolean -> org.hibernate.type.BooleanType@4269aad7
2022-06-06 01:06:22,037 DEBUG org.hibernate.type.BasicTypeRegistry [main] Adding type registration boolean -> org.hibernate.type.BooleanType@4269aad7
2022-06-06 01:06:22,038 DEBUG org.hibernate.type.BasicTypeRegistry [main] Adding type registration java.lang.Boolean -> org.hibernate.type.BooleanType@4269aad7
2022-06-06 01:06:22,038 DEBUG org.hibernate.type.BasicTypeRegistry [main] Adding type registration numeric_boolean -> org.hibernate.type.NumericBooleanType@4ae49387
2022-06-06 01:06:22,038 DEBUG org.hibernate.type.BasicTypeRegistry [main] Adding type registration true_false -> org.hibernate.type.TrueFalseType@56f9de3b
2022-06-06 01:06:22,039 DEBUG org.hibernate.type.BasicTypeRegistry [main] Adding type registration yes_no -> org.hibernate.type.YesNoType@73b0ed03
2022-06-06 01:06:22,040 DEBUG org.hibernate.type.BasicTypeRegistry [main] Adding type registration byte -> org.hibernate.type.ByteType@5a466dd
2022-06-06 01:06:22,040 DEBUG org.hibernate.type.BasicTypeRegistry [main] Adding type registration byte -> org.hibernate.type.ByteType@5a466dd
2022-06-06 01:06:22,040 DEBUG org.hibernate.type.BasicTypeRegistry [main] Adding type registration java.lang.Byte -> org.hibernate.type.ByteType@5a466dd
2022-06-06 01:06:22,040 DEBUG org.hibernate.type.BasicTypeRegistry [main] Adding type registration character -> org.hibernate.type.CharacterType@a03529c
2022-06-06 01:06:22,040 DEBUG org.hibernate.type.BasicTypeRegistry [main] Adding type registration char -> org.hibernate.type.CharacterType@a03529c
2022-06-06 01:06:22,041 DEBUG org.hibernate.type.BasicTypeRegistry [main] Adding type registration java.lang.Character -> org.hibernate.type.CharacterType@a03529c
2022-06-06 01:06:22,042 DEBUG org.hibernate.type.BasicTypeRegistry [main] Adding type registration short -> org.hibernate.type.ShortType@4fa5cc73
2022-06-06 01:06:22,042 DEBUG org.hibernate.type.BasicTypeRegistry [main] Adding type registration short -> org.hibernate.type.ShortType@4fa5cc73
2022-06-06 01:06:22,042 DEBUG org.hibernate.type.BasicTypeRegistry [main] Adding type registration java.lang.Short -> org.hibernate.type.ShortType@4fa5cc73
2022-06-06 01:06:22,043 DEBUG org.hibernate.type.BasicTypeRegistry [main] Adding type registration integer -> org.hibernate.type.IntegerType@12aa381f
2022-06-06 01:06:22,043 DEBUG org.hibernate.type.BasicTypeRegistry [main] Adding type registration int -> org.hibernate.type.IntegerType@12aa381f
2022-06-06 01:06:22,043 DEBUG org.hibernate.type.BasicTypeRegistry [main] Adding type registration java.lang.Integer -> org.hibernate.type.IntegerType@12aa381f
2022-06-06 01:06:22,043 DEBUG org.hibernate.type.BasicTypeRegistry [main] Adding type registration long -> org.hibernate.type.LongType@70c56434
2022-06-06 01:06:22,043 DEBUG org.hibernate.type.BasicTypeRegistry [main] Adding type registration long -> org.hibernate.type.LongType@70c56434
2022-06-06 01:06:22,043 DEBUG org.hibernate.type.BasicTypeRegistry [main] Adding type registration java.lang.Long -> org.hibernate.type.LongType@70c56434
2022-06-06 01:06:22,044 DEBUG org.hibernate.type.BasicTypeRegistry [main] Adding type registration float -> org.hibernate.type.FloatType@2807cf3
2022-06-06 01:06:22,044 DEBUG org.hibernate.type.BasicTypeRegistry [main] Adding type registration float -> org.hibernate.type.FloatType@2807cf3
2022-06-06 01:06:22,044 DEBUG org.hibernate.type.BasicTypeRegistry [main] Adding type registration java.lang.Float -> org.hibernate.type.FloatType@2807cf3
2022-06-06 01:06:22,044 DEBUG org.hibernate.type.BasicTypeRegistry [main] Adding type registration double -> org.hibernate.type.DoubleType@3dd2b9c1
2022-06-06 01:06:22,045 DEBUG org.hibernate.type.BasicTypeRegistry [main] Adding type registration double -> org.hibernate.type.DoubleType@3dd2b9c1
2022-06-06 01:06:22,045 DEBUG org.hibernate.type.BasicTypeRegistry [main] Adding type registration java.lang.Double -> org.hibernate.type.DoubleType@3dd2b9c1
2022-06-06 01:06:22,045 DEBUG org.hibernate.type.BasicTypeRegistry [main] Adding type registration big_decimal -> org.hibernate.type.BigDecimalType@4a122e68
2022-06-06 01:06:22,045 DEBUG org.hibernate.type.BasicTypeRegistry [main] Adding type registration java.math.BigDecimal -> org.hibernate.type.BigDecimalType@4a122e68
2022-06-06 01:06:22,046 DEBUG org.hibernate.type.BasicTypeRegistry [main] Adding type registration big_integer -> org.hibernate.type.BigIntegerType@3c27f72
2022-06-06 01:06:22,046 DEBUG org.hibernate.type.BasicTypeRegistry [main] Adding type registration java.math.BigInteger -> org.hibernate.type.BigIntegerType@3c27f72
2022-06-06 01:06:22,046 DEBUG org.hibernate.type.BasicTypeRegistry [main] Adding type registration string -> org.hibernate.type.StringType@52657d5f
2022-06-06 01:06:22,046 DEBUG org.hibernate.type.BasicTypeRegistry [main] Adding type registration java.lang.String -> org.hibernate.type.StringType@52657d5f
2022-06-06 01:06:22,047 DEBUG org.hibernate.type.BasicTypeRegistry [main] Adding type registration nstring -> org.hibernate.type.StringNVarcharType@15f519f7
2022-06-06 01:06:22,047 DEBUG org.hibernate.type.BasicTypeRegistry [main] Adding type registration ncharacter -> org.hibernate.type.CharacterNCharType@2c2a903f
2022-06-06 01:06:22,047 DEBUG org.hibernate.type.BasicTypeRegistry [main] Adding type registration url -> org.hibernate.type.UrlType@e06ec83
2022-06-06 01:06:22,047 DEBUG org.hibernate.type.BasicTypeRegistry [main] Adding type registration java.net.URL -> org.hibernate.type.UrlType@e06ec83
2022-06-06 01:06:22,049 DEBUG org.hibernate.type.BasicTypeRegistry [main] Adding type registration Duration -> org.hibernate.type.DurationType@370a8b6e
2022-06-06 01:06:22,049 DEBUG org.hibernate.type.BasicTypeRegistry [main] Adding type registration java.time.Duration -> org.hibernate.type.DurationType@370a8b6e
2022-06-06 01:06:22,049 DEBUG org.hibernate.type.BasicTypeRegistry [main] Adding type registration Instant -> org.hibernate.type.InstantType@38054d01
2022-06-06 01:06:22,049 DEBUG org.hibernate.type.BasicTypeRegistry [main] Adding type registration java.time.Instant -> org.hibernate.type.InstantType@38054d01
2022-06-06 01:06:22,050 DEBUG org.hibernate.type.BasicTypeRegistry [main] Adding type registration LocalDateTime -> org.hibernate.type.LocalDateTimeType@550fa96f
2022-06-06 01:06:22,050 DEBUG org.hibernate.type.BasicTypeRegistry [main] Adding type registration java.time.LocalDateTime -> org.hibernate.type.LocalDateTimeType@550fa96f
2022-06-06 01:06:22,051 DEBUG org.hibernate.type.BasicTypeRegistry [main] Adding type registration LocalDate -> org.hibernate.type.LocalDateType@6253e59a
2022-06-06 01:06:22,051 DEBUG org.hibernate.type.BasicTypeRegistry [main] Adding type registration java.time.LocalDate -> org.hibernate.type.LocalDateType@6253e59a
2022-06-06 01:06:22,051 DEBUG org.hibernate.type.BasicTypeRegistry [main] Adding type registration LocalTime -> org.hibernate.type.LocalTimeType@5613247e
2022-06-06 01:06:22,051 DEBUG org.hibernate.type.BasicTypeRegistry [main] Adding type registration java.time.LocalTime -> org.hibernate.type.LocalTimeType@5613247e
2022-06-06 01:06:22,053 DEBUG org.hibernate.type.BasicTypeRegistry [main] Adding type registration OffsetDateTime -> org.hibernate.type.OffsetDateTimeType@4cd7e993
2022-06-06 01:06:22,053 DEBUG org.hibernate.type.BasicTypeRegistry [main] Adding type registration java.time.OffsetDateTime -> org.hibernate.type.OffsetDateTimeType@4cd7e993
2022-06-06 01:06:22,053 DEBUG org.hibernate.type.BasicTypeRegistry [main] Adding type registration OffsetTime -> org.hibernate.type.OffsetTimeType@ff5d4f1
2022-06-06 01:06:22,053 DEBUG org.hibernate.type.BasicTypeRegistry [main] Adding type registration java.time.OffsetTime -> org.hibernate.type.OffsetTimeType@ff5d4f1
2022-06-06 01:06:22,054 DEBUG org.hibernate.type.BasicTypeRegistry [main] Adding type registration ZonedDateTime -> org.hibernate.type.ZonedDateTimeType@c94bd18
2022-06-06 01:06:22,055 DEBUG org.hibernate.type.BasicTypeRegistry [main] Adding type registration java.time.ZonedDateTime -> org.hibernate.type.ZonedDateTimeType@c94bd18
2022-06-06 01:06:22,056 DEBUG org.hibernate.type.BasicTypeRegistry [main] Adding type registration date -> org.hibernate.type.DateType@5d37aa0f
2022-06-06 01:06:22,056 DEBUG org.hibernate.type.BasicTypeRegistry [main] Adding type registration java.sql.Date -> org.hibernate.type.DateType@5d37aa0f
2022-06-06 01:06:22,056 DEBUG org.hibernate.type.BasicTypeRegistry [main] Adding type registration time -> org.hibernate.type.TimeType@3e4afd10
2022-06-06 01:06:22,056 DEBUG org.hibernate.type.BasicTypeRegistry [main] Adding type registration java.sql.Time -> org.hibernate.type.TimeType@3e4afd10
2022-06-06 01:06:22,057 DEBUG org.hibernate.type.BasicTypeRegistry [main] Adding type registration timestamp -> org.hibernate.type.TimestampType@aa0dbca
2022-06-06 01:06:22,057 DEBUG org.hibernate.type.BasicTypeRegistry [main] Adding type registration java.sql.Timestamp -> org.hibernate.type.TimestampType@aa0dbca
2022-06-06 01:06:22,057 DEBUG org.hibernate.type.BasicTypeRegistry [main] Adding type registration java.util.Date -> org.hibernate.type.TimestampType@aa0dbca
2022-06-06 01:06:22,057 DEBUG org.hibernate.type.BasicTypeRegistry [main] Adding type registration dbtimestamp -> org.hibernate.type.DbTimestampType@3de8f85c
2022-06-06 01:06:22,058 DEBUG org.hibernate.type.BasicTypeRegistry [main] Adding type registration calendar -> org.hibernate.type.CalendarType@f48a080
2022-06-06 01:06:22,058 DEBUG org.hibernate.type.BasicTypeRegistry [main] Adding type registration java.util.Calendar -> org.hibernate.type.CalendarType@f48a080
2022-06-06 01:06:22,058 DEBUG org.hibernate.type.BasicTypeRegistry [main] Adding type registration java.util.GregorianCalendar -> org.hibernate.type.CalendarType@f48a080
2022-06-06 01:06:22,059 DEBUG org.hibernate.type.BasicTypeRegistry [main] Adding type registration calendar_date -> org.hibernate.type.CalendarDateType@7e1d8d41
2022-06-06 01:06:22,062 DEBUG org.hibernate.type.BasicTypeRegistry [main] Adding type registration locale -> org.hibernate.type.LocaleType@61c87f1b
2022-06-06 01:06:22,062 DEBUG org.hibernate.type.BasicTypeRegistry [main] Adding type registration java.util.Locale -> org.hibernate.type.LocaleType@61c87f1b
2022-06-06 01:06:22,062 DEBUG org.hibernate.type.BasicTypeRegistry [main] Adding type registration currency -> org.hibernate.type.CurrencyType@26101efc
2022-06-06 01:06:22,062 DEBUG org.hibernate.type.BasicTypeRegistry [main] Adding type registration java.util.Currency -> org.hibernate.type.CurrencyType@26101efc
2022-06-06 01:06:22,063 DEBUG org.hibernate.type.BasicTypeRegistry [main] Adding type registration timezone -> org.hibernate.type.TimeZoneType@51b51641
2022-06-06 01:06:22,063 DEBUG org.hibernate.type.BasicTypeRegistry [main] Adding type registration java.util.TimeZone -> org.hibernate.type.TimeZoneType@51b51641
2022-06-06 01:06:22,064 DEBUG org.hibernate.type.BasicTypeRegistry [main] Adding type registration class -> org.hibernate.type.ClassType@761f234c
2022-06-06 01:06:22,064 DEBUG org.hibernate.type.BasicTypeRegistry [main] Adding type registration java.lang.Class -> org.hibernate.type.ClassType@761f234c
2022-06-06 01:06:22,065 DEBUG org.hibernate.type.BasicTypeRegistry [main] Adding type registration uuid-binary -> org.hibernate.type.UUIDBinaryType@55d1f065
2022-06-06 01:06:22,065 DEBUG org.hibernate.type.BasicTypeRegistry [main] Adding type registration java.util.UUID -> org.hibernate.type.UUIDBinaryType@55d1f065
2022-06-06 01:06:22,065 DEBUG org.hibernate.type.BasicTypeRegistry [main] Adding type registration uuid-char -> org.hibernate.type.UUIDCharType@63326a3a
2022-06-06 01:06:22,066 DEBUG org.hibernate.type.BasicTypeRegistry [main] Adding type registration binary -> org.hibernate.type.BinaryType@2d5ae78e
2022-06-06 01:06:22,066 DEBUG org.hibernate.type.BasicTypeRegistry [main] Adding type registration byte[] -> org.hibernate.type.BinaryType@2d5ae78e
2022-06-06 01:06:22,066 DEBUG org.hibernate.type.BasicTypeRegistry [main] Adding type registration [B -> org.hibernate.type.BinaryType@2d5ae78e
2022-06-06 01:06:22,067 DEBUG org.hibernate.type.BasicTypeRegistry [main] Adding type registration wrapper-binary -> org.hibernate.type.WrapperBinaryType@627bcd7e
2022-06-06 01:06:22,067 DEBUG org.hibernate.type.BasicTypeRegistry [main] Adding type registration Byte[] -> org.hibernate.type.WrapperBinaryType@627bcd7e
2022-06-06 01:06:22,067 DEBUG org.hibernate.type.BasicTypeRegistry [main] Adding type registration [Ljava.lang.Byte; -> org.hibernate.type.WrapperBinaryType@627bcd7e
2022-06-06 01:06:22,067 DEBUG org.hibernate.type.BasicTypeRegistry [main] Adding type registration row_version -> org.hibernate.type.RowVersionType@28b5662d
2022-06-06 01:06:22,067 DEBUG org.hibernate.type.BasicTypeRegistry [main] Adding type registration image -> org.hibernate.type.ImageType@f76872f
2022-06-06 01:06:22,068 DEBUG org.hibernate.type.BasicTypeRegistry [main] Adding type registration characters -> org.hibernate.type.CharArrayType@6f6c8d45
2022-06-06 01:06:22,068 DEBUG org.hibernate.type.BasicTypeRegistry [main] Adding type registration char[] -> org.hibernate.type.CharArrayType@6f6c8d45
2022-06-06 01:06:22,068 DEBUG org.hibernate.type.BasicTypeRegistry [main] Adding type registration [C -> org.hibernate.type.CharArrayType@6f6c8d45
2022-06-06 01:06:22,069 DEBUG org.hibernate.type.BasicTypeRegistry [main] Adding type registration wrapper-characters -> org.hibernate.type.CharacterArrayType@2ffb0d10
2022-06-06 01:06:22,069 DEBUG org.hibernate.type.BasicTypeRegistry [main] Adding type registration [Ljava.lang.Character; -> org.hibernate.type.CharacterArrayType@2ffb0d10
2022-06-06 01:06:22,069 DEBUG org.hibernate.type.BasicTypeRegistry [main] Adding type registration Character[] -> org.hibernate.type.CharacterArrayType@2ffb0d10
2022-06-06 01:06:22,069 DEBUG org.hibernate.type.BasicTypeRegistry [main] Adding type registration text -> org.hibernate.type.TextType@38dbeb39
2022-06-06 01:06:22,069 DEBUG org.hibernate.type.BasicTypeRegistry [main] Adding type registration ntext -> org.hibernate.type.NTextType@402a69f
2022-06-06 01:06:22,070 DEBUG org.hibernate.type.BasicTypeRegistry [main] Adding type registration blob -> org.hibernate.type.BlobType@43a59289
2022-06-06 01:06:22,070 DEBUG org.hibernate.type.BasicTypeRegistry [main] Adding type registration java.sql.Blob -> org.hibernate.type.BlobType@43a59289
2022-06-06 01:06:22,070 DEBUG org.hibernate.type.BasicTypeRegistry [main] Adding type registration materialized_blob -> org.hibernate.type.MaterializedBlobType@7db47323
2022-06-06 01:06:22,071 DEBUG org.hibernate.type.BasicTypeRegistry [main] Adding type registration clob -> org.hibernate.type.ClobType@182e4365
2022-06-06 01:06:22,071 DEBUG org.hibernate.type.BasicTypeRegistry [main] Adding type registration java.sql.Clob -> org.hibernate.type.ClobType@182e4365
2022-06-06 01:06:22,072 DEBUG org.hibernate.type.BasicTypeRegistry [main] Adding type registration nclob -> org.hibernate.type.NClobType@965bcbc
2022-06-06 01:06:22,072 DEBUG org.hibernate.type.BasicTypeRegistry [main] Adding type registration java.sql.NClob -> org.hibernate.type.NClobType@965bcbc
2022-06-06 01:06:22,072 DEBUG org.hibernate.type.BasicTypeRegistry [main] Adding type registration materialized_clob -> org.hibernate.type.MaterializedClobType@3f9f8d23
2022-06-06 01:06:22,073 DEBUG org.hibernate.type.BasicTypeRegistry [main] Adding type registration materialized_nclob -> org.hibernate.type.MaterializedNClobType@b86cb18
2022-06-06 01:06:22,073 DEBUG org.hibernate.type.BasicTypeRegistry [main] Adding type registration serializable -> org.hibernate.type.SerializableType@5501d1c8
2022-06-06 01:06:22,075 DEBUG org.hibernate.type.BasicTypeRegistry [main] Adding type registration object -> org.hibernate.type.ObjectType@23321be7
2022-06-06 01:06:22,075 DEBUG org.hibernate.type.BasicTypeRegistry [main] Adding type registration java.lang.Object -> org.hibernate.type.ObjectType@23321be7
2022-06-06 01:06:22,076 DEBUG org.hibernate.type.BasicTypeRegistry [main] Adding type registration imm_date -> org.hibernate.type.AdaptedImmutableType@52856ff9
2022-06-06 01:06:22,076 DEBUG org.hibernate.type.BasicTypeRegistry [main] Adding type registration imm_time -> org.hibernate.type.AdaptedImmutableType@5aa7cfdf
2022-06-06 01:06:22,076 DEBUG org.hibernate.type.BasicTypeRegistry [main] Adding type registration imm_timestamp -> org.hibernate.type.AdaptedImmutableType@1242d96b
2022-06-06 01:06:22,076 DEBUG org.hibernate.type.BasicTypeRegistry [main] Adding type registration imm_dbtimestamp -> org.hibernate.type.AdaptedImmutableType@2ecdf528
2022-06-06 01:06:22,076 DEBUG org.hibernate.type.BasicTypeRegistry [main] Adding type registration imm_calendar -> org.hibernate.type.AdaptedImmutableType@574ebdaf
2022-06-06 01:06:22,076 DEBUG org.hibernate.type.BasicTypeRegistry [main] Adding type registration imm_calendar_date -> org.hibernate.type.AdaptedImmutableType@33f349ae
2022-06-06 01:06:22,076 DEBUG org.hibernate.type.BasicTypeRegistry [main] Adding type registration imm_binary -> org.hibernate.type.AdaptedImmutableType@377e573a
2022-06-06 01:06:22,076 DEBUG org.hibernate.type.BasicTypeRegistry [main] Adding type registration imm_serializable -> org.hibernate.type.AdaptedImmutableType@76db9048
2022-06-06 01:06:22,219 DEBUG org.hibernate.type.spi.TypeConfiguration$Scope [main] Scoping TypeConfiguration [org.hibernate.type.spi.TypeConfiguration@2e0516a3] to MetadataBuildingContext [org.hibernate.boot.internal.MetadataBuildingContextRootImpl@32a4ea4e]
2022-06-06 01:06:22,342 DEBUG org.hibernate.type.EnumType [main] Using NAMED-based conversion for Enum de.mobile.domain.Category
2022-06-06 01:06:22,381 DEBUG org.hibernate.type.EnumType [main] Using NAMED-based conversion for Enum de.mobile.domain.Category
2022-06-06 01:06:22,487 DEBUG org.hibernate.type.spi.TypeConfiguration$Scope [main] Scoping TypeConfiguration [org.hibernate.type.spi.TypeConfiguration@2e0516a3] to SessionFactoryImpl [org.hibernate.internal.SessionFactoryImpl@2a16d393]
2022-06-06 01:06:22,516 DEBUG org.hibernate.type.EnumType [main] Using NAMED-based conversion for Enum de.mobile.domain.Category
2022-06-06 01:06:22,518 DEBUG org.hibernate.type.EnumType [main] Using NAMED-based conversion for Enum de.mobile.domain.Category
2022-06-06 01:06:22,750 DEBUG org.hibernate.type.EnumType [main] Using NAMED-based conversion for Enum de.mobile.domain.Category
2022-06-06 01:06:22,752 DEBUG org.hibernate.type.EnumType [main] Using NAMED-based conversion for Enum de.mobile.domain.Category
2022-06-06 01:06:22,880 DEBUG org.hibernate.type.EnumType [main] Using NAMED-based conversion for Enum de.mobile.domain.Category
2022-06-06 01:06:22,880 DEBUG org.hibernate.type.EnumType [main] Using NAMED-based conversion for Enum de.mobile.domain.Category
2022-06-06 01:06:22,905 DEBUG org.hibernate.type.EnumType [main] Using NAMED-based conversion for Enum de.mobile.domain.Category
2022-06-06 01:06:22,926 TRACE org.hibernate.type.spi.TypeConfiguration$Scope [main] Handling #sessionFactoryCreated from [org.hibernate.internal.SessionFactoryImpl@2a16d393] for TypeConfiguration
2022-06-06 01:06:23,199 DEBUG org.hibernate.stat.internal.StatisticsInitiator [main] Statistics initialized [enabled=false]
2022-06-06 01:06:24,843 INFO de.mobile.Server [main] Started Server in 7.655 seconds (JVM running for 8.569)
2022-06-06 01:07:05,251 TRACE org.hibernate.type.descriptor.sql.BasicExtractor [http-nio-9000-exec-8] extracted value ([id1_1_] : [BIGINT]) - [20001]
2022-06-06 01:07:05,259 TRACE org.hibernate.type.descriptor.sql.BasicExtractor [http-nio-9000-exec-8] extracted value ([descript3_1_] : [VARCHAR]) - [Super Car!]
2022-06-06 01:07:05,260 TRACE org.hibernate.type.descriptor.sql.BasicExtractor [http-nio-9000-exec-8] extracted value ([make4_1_] : [VARCHAR]) - [Honda]
2022-06-06 01:07:05,260 TRACE org.hibernate.type.descriptor.sql.BasicExtractor [http-nio-9000-exec-8] extracted value ([model5_1_] : [VARCHAR]) - [12]
2022-06-06 01:07:05,260 TRACE org.hibernate.type.descriptor.sql.BasicExtractor [http-nio-9000-exec-8] extracted value ([price6_1_] : [NUMERIC]) - [1245.35]
2022-06-06 01:07:05,270 TRACE org.hibernate.type.CollectionType [http-nio-9000-exec-8] Created collection wrapper: [de.mobile.domain.MobileAd.customers#20001]
2022-06-06 01:07:05,279 TRACE org.hibernate.type.descriptor.sql.BasicBinder [http-nio-9000-exec-8] binding parameter [1] as [BIGINT] - [20001]
2022-06-06 01:07:05,283 TRACE org.hibernate.type.descriptor.sql.BasicExtractor [http-nio-9000-exec-8] extracted value ([id1_2_1_] : [BIGINT]) - [10001]
2022-06-06 01:07:05,284 TRACE org.hibernate.type.descriptor.sql.BasicExtractor [http-nio-9000-exec-8] extracted value ([company_2_2_1_] : [VARCHAR]) - [JPMC]
2022-06-06 01:07:05,284 TRACE org.hibernate.type.descriptor.sql.BasicExtractor [http-nio-9000-exec-8] extracted value ([email3_2_1_] : [VARCHAR]) - [nishtha@gmail.com]
2022-06-06 01:07:05,284 TRACE org.hibernate.type.descriptor.sql.BasicExtractor [http-nio-9000-exec-8] extracted value ([first_na4_2_1_] : [VARCHAR]) - [Nishtha]
2022-06-06 01:07:05,284 TRACE org.hibernate.type.descriptor.sql.BasicExtractor [http-nio-9000-exec-8] extracted value ([last_nam5_2_1_] : [VARCHAR]) - [Bhardwaj]
2022-06-06 01:07:05,284 TRACE org.hibernate.type.descriptor.sql.BasicExtractor [http-nio-9000-exec-8] extracted value ([ad_id1_0_0_] : [BIGINT]) - [20001]
2022-06-06 01:07:05,284 TRACE org.hibernate.type.descriptor.sql.BasicExtractor [http-nio-9000-exec-8] extracted value ([customer2_0_0_] : [BIGINT]) - [10001]
2022-06-06 01:07:05,285 TRACE org.hibernate.type.CollectionType [http-nio-9000-exec-8] Created collection wrapper: [de.mobile.domain.MobileCustomer.ads#10001]
2022-06-06 01:07:46,385 INFO de.mobile.controller.AdResource [http-nio-9000-exec-1] Incoming Ad data AdRequestDto(id=null, make=string, customerId=[0], model=string, category=Car, description=string, price=100) 
2022-06-06 01:07:46,484 TRACE org.hibernate.type.descriptor.sql.BasicBinder [http-nio-9000-exec-1] binding parameter [1] as [BIGINT] - [0]
2022-06-06 01:08:01,822 INFO de.mobile.controller.AdResource [http-nio-9000-exec-3] Incoming Ad data AdRequestDto(id=null, make=string, customerId=[10001], model=string, category=Car, description=string, price=100) 
2022-06-06 01:08:01,826 TRACE org.hibernate.type.descriptor.sql.BasicBinder [http-nio-9000-exec-3] binding parameter [1] as [BIGINT] - [10001]
2022-06-06 01:08:01,830 TRACE org.hibernate.type.descriptor.sql.BasicExtractor [http-nio-9000-exec-3] extracted value ([company_2_2_0_] : [VARCHAR]) - [JPMC]
2022-06-06 01:08:01,830 TRACE org.hibernate.type.descriptor.sql.BasicExtractor [http-nio-9000-exec-3] extracted value ([email3_2_0_] : [VARCHAR]) - [nishtha@gmail.com]
2022-06-06 01:08:01,830 TRACE org.hibernate.type.descriptor.sql.BasicExtractor [http-nio-9000-exec-3] extracted value ([first_na4_2_0_] : [VARCHAR]) - [Nishtha]
2022-06-06 01:08:01,830 TRACE org.hibernate.type.descriptor.sql.BasicExtractor [http-nio-9000-exec-3] extracted value ([last_nam5_2_0_] : [VARCHAR]) - [Bhardwaj]
2022-06-06 01:08:01,830 TRACE org.hibernate.type.CollectionType [http-nio-9000-exec-3] Created collection wrapper: [de.mobile.domain.MobileCustomer.ads#10001]
2022-06-06 01:08:01,891 TRACE org.hibernate.type.descriptor.sql.BasicBinder [http-nio-9000-exec-3] binding parameter [2] as [VARCHAR] - [string]
2022-06-06 01:08:01,892 TRACE org.hibernate.type.descriptor.sql.BasicBinder [http-nio-9000-exec-3] binding parameter [3] as [VARCHAR] - [string]
2022-06-06 01:08:01,892 TRACE org.hibernate.type.descriptor.sql.BasicBinder [http-nio-9000-exec-3] binding parameter [4] as [VARCHAR] - [string]
2022-06-06 01:08:01,895 TRACE org.hibernate.type.descriptor.sql.BasicBinder [http-nio-9000-exec-3] binding parameter [5] as [NUMERIC] - [100]
2022-06-06 01:08:01,895 TRACE org.hibernate.type.descriptor.sql.BasicBinder [http-nio-9000-exec-3] binding parameter [6] as [BIGINT] - [1]
2022-06-06 01:08:01,901 TRACE org.hibernate.type.descriptor.sql.BasicBinder [http-nio-9000-exec-3] binding parameter [1] as [BIGINT] - [1]
2022-06-06 01:08:01,902 TRACE org.hibernate.type.descriptor.sql.BasicBinder [http-nio-9000-exec-3] binding parameter [2] as [BIGINT] - [10001]
2022-06-06 01:08:18,746 TRACE org.hibernate.type.descriptor.sql.BasicExtractor [http-nio-9000-exec-2] extracted value ([id1_1_] : [BIGINT]) - [1]
2022-06-06 01:08:18,750 TRACE org.hibernate.type.descriptor.sql.BasicExtractor [http-nio-9000-exec-2] extracted value ([descript3_1_] : [VARCHAR]) - [string]
2022-06-06 01:08:18,750 TRACE org.hibernate.type.descriptor.sql.BasicExtractor [http-nio-9000-exec-2] extracted value ([make4_1_] : [VARCHAR]) - [string]
2022-06-06 01:08:18,750 TRACE org.hibernate.type.descriptor.sql.BasicExtractor [http-nio-9000-exec-2] extracted value ([model5_1_] : [VARCHAR]) - [string]
2022-06-06 01:08:18,750 TRACE org.hibernate.type.descriptor.sql.BasicExtractor [http-nio-9000-exec-2] extracted value ([price6_1_] : [NUMERIC]) - [100.00]
2022-06-06 01:08:18,751 TRACE org.hibernate.type.descriptor.sql.BasicExtractor [http-nio-9000-exec-2] extracted value ([id1_1_] : [BIGINT]) - [20001]
2022-06-06 01:08:18,751 TRACE org.hibernate.type.descriptor.sql.BasicExtractor [http-nio-9000-exec-2] extracted value ([descript3_1_] : [VARCHAR]) - [Super Car!]
2022-06-06 01:08:18,751 TRACE org.hibernate.type.descriptor.sql.BasicExtractor [http-nio-9000-exec-2] extracted value ([make4_1_] : [VARCHAR]) - [Honda]
2022-06-06 01:08:18,751 TRACE org.hibernate.type.descriptor.sql.BasicExtractor [http-nio-9000-exec-2] extracted value ([model5_1_] : [VARCHAR]) - [12]
2022-06-06 01:08:18,751 TRACE org.hibernate.type.descriptor.sql.BasicExtractor [http-nio-9000-exec-2] extracted value ([price6_1_] : [NUMERIC]) - [1245.35]
2022-06-06 01:08:18,752 TRACE org.hibernate.type.CollectionType [http-nio-9000-exec-2] Created collection wrapper: [de.mobile.domain.MobileAd.customers#1]
2022-06-06 01:08:18,752 TRACE org.hibernate.type.CollectionType [http-nio-9000-exec-2] Created collection wrapper: [de.mobile.domain.MobileAd.customers#20001]
2022-06-06 01:08:18,755 TRACE org.hibernate.type.descriptor.sql.BasicBinder [http-nio-9000-exec-2] binding parameter [1] as [BIGINT] - [20001]
2022-06-06 01:08:18,756 TRACE org.hibernate.type.descriptor.sql.BasicExtractor [http-nio-9000-exec-2] extracted value ([id1_2_1_] : [BIGINT]) - [10001]
2022-06-06 01:08:18,757 TRACE org.hibernate.type.descriptor.sql.BasicExtractor [http-nio-9000-exec-2] extracted value ([company_2_2_1_] : [VARCHAR]) - [JPMC]
2022-06-06 01:08:18,757 TRACE org.hibernate.type.descriptor.sql.BasicExtractor [http-nio-9000-exec-2] extracted value ([email3_2_1_] : [VARCHAR]) - [nishtha@gmail.com]
2022-06-06 01:08:18,757 TRACE org.hibernate.type.descriptor.sql.BasicExtractor [http-nio-9000-exec-2] extracted value ([first_na4_2_1_] : [VARCHAR]) - [Nishtha]
2022-06-06 01:08:18,757 TRACE org.hibernate.type.descriptor.sql.BasicExtractor [http-nio-9000-exec-2] extracted value ([last_nam5_2_1_] : [VARCHAR]) - [Bhardwaj]
2022-06-06 01:08:18,757 TRACE org.hibernate.type.descriptor.sql.BasicExtractor [http-nio-9000-exec-2] extracted value ([ad_id1_0_0_] : [BIGINT]) - [20001]
2022-06-06 01:08:18,758 TRACE org.hibernate.type.descriptor.sql.BasicExtractor [http-nio-9000-exec-2] extracted value ([customer2_0_0_] : [BIGINT]) - [10001]
2022-06-06 01:08:18,758 TRACE org.hibernate.type.CollectionType [http-nio-9000-exec-2] Created collection wrapper: [de.mobile.domain.MobileCustomer.ads#10001]
2022-06-06 01:08:18,759 TRACE org.hibernate.type.descriptor.sql.BasicBinder [http-nio-9000-exec-2] binding parameter [1] as [BIGINT] - [1]
2022-06-06 01:08:18,761 TRACE org.hibernate.type.descriptor.sql.BasicExtractor [http-nio-9000-exec-2] extracted value ([id1_2_1_] : [BIGINT]) - [10001]
2022-06-06 01:08:18,762 TRACE org.hibernate.type.descriptor.sql.BasicExtractor [http-nio-9000-exec-2] extracted value ([ad_id1_0_0_] : [BIGINT]) - [1]
2022-06-06 01:08:18,762 TRACE org.hibernate.type.descriptor.sql.BasicExtractor [http-nio-9000-exec-2] extracted value ([customer2_0_0_] : [BIGINT]) - [10001]
2022-06-06 01:08:41,429 TRACE org.hibernate.type.descriptor.sql.BasicBinder [http-nio-9000-exec-4] binding parameter [1] as [BIGINT] - [10000]
2022-06-06 01:09:08,173 TRACE org.hibernate.type.descriptor.sql.BasicExtractor [http-nio-9000-exec-6] extracted value ([id1_2_] : [BIGINT]) - [10001]
2022-06-06 01:09:08,173 TRACE org.hibernate.type.descriptor.sql.BasicExtractor [http-nio-9000-exec-6] extracted value ([company_2_2_] : [VARCHAR]) - [JPMC]
2022-06-06 01:09:08,174 TRACE org.hibernate.type.descriptor.sql.BasicExtractor [http-nio-9000-exec-6] extracted value ([email3_2_] : [VARCHAR]) - [nishtha@gmail.com]
2022-06-06 01:09:08,174 TRACE org.hibernate.type.descriptor.sql.BasicExtractor [http-nio-9000-exec-6] extracted value ([first_na4_2_] : [VARCHAR]) - [Nishtha]
2022-06-06 01:09:08,174 TRACE org.hibernate.type.descriptor.sql.BasicExtractor [http-nio-9000-exec-6] extracted value ([last_nam5_2_] : [VARCHAR]) - [Bhardwaj]
2022-06-06 01:09:08,174 TRACE org.hibernate.type.descriptor.sql.BasicExtractor [http-nio-9000-exec-6] extracted value ([id1_2_] : [BIGINT]) - [10002]
2022-06-06 01:09:08,174 TRACE org.hibernate.type.descriptor.sql.BasicExtractor [http-nio-9000-exec-6] extracted value ([company_2_2_] : [VARCHAR]) - [HCL]
2022-06-06 01:09:08,174 TRACE org.hibernate.type.descriptor.sql.BasicExtractor [http-nio-9000-exec-6] extracted value ([email3_2_] : [VARCHAR]) - [john@gmail.com]
2022-06-06 01:09:08,174 TRACE org.hibernate.type.descriptor.sql.BasicExtractor [http-nio-9000-exec-6] extracted value ([first_na4_2_] : [VARCHAR]) - [Jone]
2022-06-06 01:09:08,174 TRACE org.hibernate.type.descriptor.sql.BasicExtractor [http-nio-9000-exec-6] extracted value ([last_nam5_2_] : [VARCHAR]) - [Ream]
2022-06-06 01:09:08,174 TRACE org.hibernate.type.descriptor.sql.BasicExtractor [http-nio-9000-exec-6] extracted value ([id1_2_] : [BIGINT]) - [10003]
2022-06-06 01:09:08,174 TRACE org.hibernate.type.descriptor.sql.BasicExtractor [http-nio-9000-exec-6] extracted value ([company_2_2_] : [VARCHAR]) - [HITACHI]
2022-06-06 01:09:08,175 TRACE org.hibernate.type.descriptor.sql.BasicExtractor [http-nio-9000-exec-6] extracted value ([email3_2_] : [VARCHAR]) - [bettya@gmail.com]
2022-06-06 01:09:08,176 TRACE org.hibernate.type.descriptor.sql.BasicExtractor [http-nio-9000-exec-6] extracted value ([first_na4_2_] : [VARCHAR]) - [Betty]
2022-06-06 01:09:08,176 TRACE org.hibernate.type.descriptor.sql.BasicExtractor [http-nio-9000-exec-6] extracted value ([last_nam5_2_] : [VARCHAR]) - [sen]
2022-06-06 01:09:08,176 TRACE org.hibernate.type.CollectionType [http-nio-9000-exec-6] Created collection wrapper: [de.mobile.domain.MobileCustomer.ads#10001]
2022-06-06 01:09:08,176 TRACE org.hibernate.type.CollectionType [http-nio-9000-exec-6] Created collection wrapper: [de.mobile.domain.MobileCustomer.ads#10002]
2022-06-06 01:09:08,176 TRACE org.hibernate.type.CollectionType [http-nio-9000-exec-6] Created collection wrapper: [de.mobile.domain.MobileCustomer.ads#10003]
2022-06-06 01:09:08,185 TRACE org.hibernate.type.descriptor.sql.BasicBinder [http-nio-9000-exec-6] binding parameter [1] as [BIGINT] - [10001]
2022-06-06 01:09:08,186 TRACE org.hibernate.type.descriptor.sql.BasicExtractor [http-nio-9000-exec-6] extracted value ([id1_1_1_] : [BIGINT]) - [20001]
2022-06-06 01:09:08,186 TRACE org.hibernate.type.descriptor.sql.BasicExtractor [http-nio-9000-exec-6] extracted value ([descript3_1_1_] : [VARCHAR]) - [Super Car!]
2022-06-06 01:09:08,186 TRACE org.hibernate.type.descriptor.sql.BasicExtractor [http-nio-9000-exec-6] extracted value ([make4_1_1_] : [VARCHAR]) - [Honda]
2022-06-06 01:09:08,186 TRACE org.hibernate.type.descriptor.sql.BasicExtractor [http-nio-9000-exec-6] extracted value ([model5_1_1_] : [VARCHAR]) - [12]
2022-06-06 01:09:08,186 TRACE org.hibernate.type.descriptor.sql.BasicExtractor [http-nio-9000-exec-6] extracted value ([price6_1_1_] : [NUMERIC]) - [1245.35]
2022-06-06 01:09:08,186 TRACE org.hibernate.type.descriptor.sql.BasicExtractor [http-nio-9000-exec-6] extracted value ([customer2_0_0_] : [BIGINT]) - [10001]
2022-06-06 01:09:08,186 TRACE org.hibernate.type.descriptor.sql.BasicExtractor [http-nio-9000-exec-6] extracted value ([ad_id1_0_0_] : [BIGINT]) - [20001]
2022-06-06 01:09:08,186 TRACE org.hibernate.type.descriptor.sql.BasicExtractor [http-nio-9000-exec-6] extracted value ([id1_1_1_] : [BIGINT]) - [1]
2022-06-06 01:09:08,186 TRACE org.hibernate.type.descriptor.sql.BasicExtractor [http-nio-9000-exec-6] extracted value ([descript3_1_1_] : [VARCHAR]) - [string]
2022-06-06 01:09:08,186 TRACE org.hibernate.type.descriptor.sql.BasicExtractor [http-nio-9000-exec-6] extracted value ([make4_1_1_] : [VARCHAR]) - [string]
2022-06-06 01:09:08,186 TRACE org.hibernate.type.descriptor.sql.BasicExtractor [http-nio-9000-exec-6] extracted value ([model5_1_1_] : [VARCHAR]) - [string]
2022-06-06 01:09:08,186 TRACE org.hibernate.type.descriptor.sql.BasicExtractor [http-nio-9000-exec-6] extracted value ([price6_1_1_] : [NUMERIC]) - [100.00]
2022-06-06 01:09:08,186 TRACE org.hibernate.type.descriptor.sql.BasicExtractor [http-nio-9000-exec-6] extracted value ([customer2_0_0_] : [BIGINT]) - [10001]
2022-06-06 01:09:08,186 TRACE org.hibernate.type.descriptor.sql.BasicExtractor [http-nio-9000-exec-6] extracted value ([ad_id1_0_0_] : [BIGINT]) - [1]
2022-06-06 01:09:08,186 TRACE org.hibernate.type.CollectionType [http-nio-9000-exec-6] Created collection wrapper: [de.mobile.domain.MobileAd.customers#20001]
2022-06-06 01:09:08,187 TRACE org.hibernate.type.CollectionType [http-nio-9000-exec-6] Created collection wrapper: [de.mobile.domain.MobileAd.customers#1]
2022-06-06 01:09:08,187 TRACE org.hibernate.type.descriptor.sql.BasicBinder [http-nio-9000-exec-6] binding parameter [1] as [BIGINT] - [1]
2022-06-06 01:09:08,187 TRACE org.hibernate.type.descriptor.sql.BasicExtractor [http-nio-9000-exec-6] extracted value ([id1_2_1_] : [BIGINT]) - [10001]
2022-06-06 01:09:08,187 TRACE org.hibernate.type.descriptor.sql.BasicExtractor [http-nio-9000-exec-6] extracted value ([ad_id1_0_0_] : [BIGINT]) - [1]
2022-06-06 01:09:08,187 TRACE org.hibernate.type.descriptor.sql.BasicExtractor [http-nio-9000-exec-6] extracted value ([customer2_0_0_] : [BIGINT]) - [10001]
2022-06-06 01:09:08,188 TRACE org.hibernate.type.descriptor.sql.BasicBinder [http-nio-9000-exec-6] binding parameter [1] as [BIGINT] - [20001]
2022-06-06 01:09:08,188 TRACE org.hibernate.type.descriptor.sql.BasicExtractor [http-nio-9000-exec-6] extracted value ([id1_2_1_] : [BIGINT]) - [10001]
2022-06-06 01:09:08,188 TRACE org.hibernate.type.descriptor.sql.BasicExtractor [http-nio-9000-exec-6] extracted value ([ad_id1_0_0_] : [BIGINT]) - [20001]
2022-06-06 01:09:08,188 TRACE org.hibernate.type.descriptor.sql.BasicExtractor [http-nio-9000-exec-6] extracted value ([customer2_0_0_] : [BIGINT]) - [10001]
2022-06-06 01:09:08,190 TRACE org.hibernate.type.descriptor.sql.BasicBinder [http-nio-9000-exec-6] binding parameter [1] as [BIGINT] - [10002]
2022-06-06 01:09:08,191 TRACE org.hibernate.type.descriptor.sql.BasicBinder [http-nio-9000-exec-6] binding parameter [1] as [BIGINT] - [10003]
2022-06-06 01:12:19,959 TRACE org.hibernate.type.spi.TypeConfiguration$Scope [Thread-3] Handling #sessionFactoryClosed from [org.hibernate.internal.SessionFactoryImpl@2a16d393] for TypeConfiguration
2022-06-06 01:12:19,961 DEBUG org.hibernate.type.spi.TypeConfiguration$Scope [Thread-3] Un-scoping TypeConfiguration [org.hibernate.type.spi.TypeConfiguration$Scope@7884aadf] from SessionFactory [org.hibernate.internal.SessionFactoryImpl@2a16d393]
2022-06-06 01:36:41,345 INFO de.mobile.repository.MobileAdRepositoryTest [main] Starting MobileAdRepositoryTest on nishthas-MacBook-Pro.local with PID 82414 (started by nishthabhardwaj in /Volumes/My Files/nishtha-learnings/coding-challenge/rest-service)
2022-06-06 01:36:41,346 DEBUG de.mobile.repository.MobileAdRepositoryTest [main] Running with Spring Boot v2.1.9.RELEASE, Spring v5.1.10.RELEASE
2022-06-06 01:36:41,387 INFO de.mobile.repository.MobileAdRepositoryTest [main] No active profile set, falling back to default profiles: default
2022-06-06 01:36:45,513 INFO de.mobile.repository.MobileAdRepositoryTest [main] Started MobileAdRepositoryTest in 4.688 seconds (JVM running for 6.375)
2022-06-06 01:36:46,068 INFO de.mobile.controller.AdResourceTest [main] Starting AdResourceTest on nishthas-MacBook-Pro.local with PID 82414 (started by nishthabhardwaj in /Volumes/My Files/nishtha-learnings/coding-challenge/rest-service)
2022-06-06 01:36:46,069 DEBUG de.mobile.controller.AdResourceTest [main] Running with Spring Boot v2.1.9.RELEASE, Spring v5.1.10.RELEASE
2022-06-06 01:36:46,070 INFO de.mobile.controller.AdResourceTest [main] No active profile set, falling back to default profiles: default
2022-06-06 01:36:47,720 INFO de.mobile.controller.AdResourceTest [main] Started AdResourceTest in 1.718 seconds (JVM running for 8.583)
2022-06-06 01:36:47,955 INFO de.mobile.controller.AdResource [main] Incoming Ad data AdRequestDto(id=null, make=Hero, customerId=[10001], model=A1234, category=Motorbike, description=null, price=500.58) 
2022-06-06 01:36:48,434 DEBUG de.mobile.service.impl.MobileAdServiceImpl [main] incoming data -> AdRequestDto(id=null, make=Honda, customerId=[200], model=5467, category=Car, description=null, price=null) 
2022-06-06 01:36:48,434 DEBUG de.mobile.service.impl.MobileAdServiceImpl [main] Customers [de.mobile.domain.MobileCustomer@69346100]
2022-06-06 01:36:48,437 DEBUG de.mobile.service.impl.MobileAdServiceImpl [main] incoming data -> AdRequestDto(id=null, make=Honda, customerId=[200], model=5467, category=Car, description=null, price=null) 
2022-06-06 01:36:48,439 INFO de.mobile.service.impl.MobileAdServiceImpl [main] Ad -> de.mobile.domain.MobileAd@202b5293 Customer : [de.mobile.domain.MobileCustomer@69346100] 
2022-06-06 01:36:48,457 DEBUG de.mobile.service.impl.MobileCustomerServiceImpl [main] CustomerRequestDto -> CustomerRequestDto(id=null, firstName=Betty, lastName=Ben2, email=Betty@gmail.com, companyName=null)
